<?xml version="1.0" encoding="UTF-8" ?>
<testsuite errors="0" failures="0" hostname="byah" name="com.lmax.disruptor.collections.HistogramTest" tests="18" time="0.019" timestamp="2011-07-04T10:41:00">
  <properties>
[...]
</properties>
  <testcase classname="com.lmax.disruptor.collections.HistogramTest" name="shouldSizeBasedOnBucketConfiguration" time="0.0030" />
  <testcase classname="com.lmax.disruptor.collections.HistogramTest" name="shouldWalkIntervals" time="0.0" />
  <testcase classname="com.lmax.disruptor.collections.HistogramTest" name="shouldConfirmIntervalsAreInitialised" time="0.0" />
  <testcase classname="com.lmax.disruptor.collections.HistogramTest" name="shouldThrowExceptionWhenIntervalLessThanOrEqualToZero" time="0.0" />
  <testcase classname="com.lmax.disruptor.collections.HistogramTest" name="shouldThrowExceptionWhenIntervalDoNotIncrease" time="0.0010" />
  <testcase classname="com.lmax.disruptor.collections.HistogramTest" name="shouldAddObservation" time="0.0" />
  <testcase classname="com.lmax.disruptor.collections.HistogramTest" name="shouldNotAddObservation" time="0.0" />
  <testcase classname="com.lmax.disruptor.collections.HistogramTest" name="shouldAddObservations" time="0.0" />
  <testcase classname="com.lmax.disruptor.collections.HistogramTest" name="shouldThrowExceptionWhenIntervalsDoNotMatch" time="0.0" />
  <testcase classname="com.lmax.disruptor.collections.HistogramTest" name="shouldClearCounts" time="0.0" />
  <testcase classname="com.lmax.disruptor.collections.HistogramTest" name="shouldCountTotalObservations" time="0.0" />
  <testcase classname="com.lmax.disruptor.collections.HistogramTest" name="shouldGetMeanObservation" time="0.0010" />
  <testcase classname="com.lmax.disruptor.collections.HistogramTest" name="shouldCorrectMeanForSkewInTopAndBottomPopulatedIntervals" time="0.0" />
  <testcase classname="com.lmax.disruptor.collections.HistogramTest" name="shouldGetMaxObservation" time="0.0" />
  <testcase classname="com.lmax.disruptor.collections.HistogramTest" name="shouldGetMinObservation" time="0.0" />
  <testcase classname="com.lmax.disruptor.collections.HistogramTest" name="shouldGetTwoNinesUpperBound" time="0.0010" />
  <testcase classname="com.lmax.disruptor.collections.HistogramTest" name="shouldGetFourNinesUpperBound" time="0.0" />
  <testcase classname="com.lmax.disruptor.collections.HistogramTest" name="shouldToString" time="0.0" />
  <system-out><![CDATA[]]></system-out>
  <system-err><![CDATA[]]></system-err>
</testsuite>
