<?xml version="1.0" encoding="UTF-8" ?>
<testsuites>
  <testsuite errors="0" failures="0" hostname="byah" id="0" name="BatchConsumerSequenceTrackingCallbackTest" package="com.lmax.disruptor" tests="1" time="0.051" timestamp="2011-07-04T10:41:00">
      <properties>
[...]
</properties>

      <testcase classname="com.lmax.disruptor.BatchConsumerSequenceTrackingCallbackTest" name="shouldReportProgressByUpdatingSequenceViaCallback" time="0.011" />

      <system-out />

      <system-err />

  </testsuite>
  <testsuite errors="0" failures="0" hostname="byah" id="1" name="BatchConsumerTest" package="com.lmax.disruptor" tests="5" time="0.055" timestamp="2011-07-04T10:41:00">
      <properties>
[...]
</properties>

      <testcase classname="com.lmax.disruptor.BatchConsumerTest" name="shouldThrowExceptionOnSettingNullExceptionHandler" time="0.0020" />

      <testcase classname="com.lmax.disruptor.BatchConsumerTest" name="shouldReturnUnderlyingBarrier" time="0.0020" />

      <testcase classname="com.lmax.disruptor.BatchConsumerTest" name="shouldCallMethodsInLifecycleOrder" time="0.012" />

      <testcase classname="com.lmax.disruptor.BatchConsumerTest" name="shouldCallMethodsInLifecycleOrderForBatch" time="0.0060" />

      <testcase classname="com.lmax.disruptor.BatchConsumerTest" name="shouldCallExceptionHandlerOnUncaughtException" time="0.0050" />

      <system-out />

      <system-err />

  </testsuite>
  <testsuite errors="0" failures="0" hostname="byah" id="2" name="ConsumerBarrierTest" package="com.lmax.disruptor" tests="5" time="0.064" timestamp="2011-07-04T10:41:00">
      <properties>
[...]
</properties>

      <testcase classname="com.lmax.disruptor.ConsumerBarrierTest" name="shouldWaitForWorkCompleteWhereCompleteWorkThresholdIsAhead" time="0.027" />

      <testcase classname="com.lmax.disruptor.ConsumerBarrierTest" name="shouldWaitForWorkCompleteWhereAllWorkersAreBlockedOnRingBuffer" time="0.0070" />

      <testcase classname="com.lmax.disruptor.ConsumerBarrierTest" name="shouldInterruptDuringBusySpin" time="0.01" />

      <testcase classname="com.lmax.disruptor.ConsumerBarrierTest" name="shouldWaitForWorkCompleteWhereCompleteWorkThresholdIsBehind" time="0.0060" />

      <testcase classname="com.lmax.disruptor.ConsumerBarrierTest" name="shouldSetAndClearAlertStatus" time="0.0040" />

      <system-out />

      <system-err />

  </testsuite>
  <testsuite errors="0" failures="0" hostname="byah" id="3" name="EntryTranslatorTest" package="com.lmax.disruptor" tests="1" time="0.015" timestamp="2011-07-04T10:41:00">
      <properties>
[...]
</properties>

      <testcase classname="com.lmax.disruptor.EntryTranslatorTest" name="shouldTranslateOtherDataIntoAnEntry" time="0.0020" />

      <system-out />

      <system-err />

  </testsuite>
  <testsuite errors="0" failures="0" hostname="byah" id="4" name="FatalExceptionHandlerTest" package="com.lmax.disruptor" tests="1" time="0.093" timestamp="2011-07-04T10:41:00">
      <properties>
[...]
</properties>

      <testcase classname="com.lmax.disruptor.FatalExceptionHandlerTest" name="shouldHandleFatalException" time="0.077" />

      <system-out />

      <system-err />

  </testsuite>
  <testsuite errors="0" failures="0" hostname="byah" id="5" name="IgnoreExceptionHandlerTest" package="com.lmax.disruptor" tests="1" time="0.089" timestamp="2011-07-04T10:41:00">
      <properties>
[...]
</properties>

      <testcase classname="com.lmax.disruptor.IgnoreExceptionHandlerTest" name="shouldHandleAndIgnoreException" time="0.073" />

      <system-out />

      <system-err />

  </testsuite>
  <testsuite errors="0" failures="0" hostname="byah" id="6" name="LifecycleAwareTest" package="com.lmax.disruptor" tests="1" time="0.015" timestamp="2011-07-04T10:41:00">
      <properties>
[...]
</properties>

      <testcase classname="com.lmax.disruptor.LifecycleAwareTest" name="shouldNotifyOfBatchConsumerLifecycle" time="0.0080" />

      <system-out />

      <system-err />

  </testsuite>
  <testsuite errors="0" failures="0" hostname="byah" id="7" name="RingBufferTest" package="com.lmax.disruptor" tests="7" time="0.024" timestamp="2011-07-04T10:41:00">
      <properties>
[...]
</properties>

      <testcase classname="com.lmax.disruptor.RingBufferTest" name="shouldClaimAndGet" time="0.0050" />

      <testcase classname="com.lmax.disruptor.RingBufferTest" name="shouldClaimAndGetWithTimeout" time="0.0" />

      <testcase classname="com.lmax.disruptor.RingBufferTest" name="shouldGetWithTimeout" time="0.0050" />

      <testcase classname="com.lmax.disruptor.RingBufferTest" name="shouldClaimAndGetInSeparateThread" time="0.0010" />

      <testcase classname="com.lmax.disruptor.RingBufferTest" name="shouldClaimAndGetMultipleMessages" time="0.0" />

      <testcase classname="com.lmax.disruptor.RingBufferTest" name="shouldWrap" time="0.0020" />

      <testcase classname="com.lmax.disruptor.RingBufferTest" name="shouldSetAtSpecificSequence" time="0.0" />

      <system-out />

      <system-err />

  </testsuite>
  <testsuite errors="0" failures="0" hostname="byah" id="8" name="UtilTest" package="com.lmax.disruptor" tests="4" time="0.029" timestamp="2011-07-04T10:41:00">
      <properties>
[...]
</properties>

      <testcase classname="com.lmax.disruptor.UtilTest" name="shouldReturnNextPowerOfTwo" time="0.0030" />

      <testcase classname="com.lmax.disruptor.UtilTest" name="shouldReturnExactPowerOfTwo" time="0.0" />

      <testcase classname="com.lmax.disruptor.UtilTest" name="shouldReturnMinimumSequence" time="0.014" />

      <testcase classname="com.lmax.disruptor.UtilTest" name="shouldReturnLongMaxWhenNoConsumers" time="0.0010" />

      <system-out />

      <system-err />

  </testsuite>
  <testsuite errors="0" failures="0" hostname="byah" id="9" name="HistogramTest" package="com.lmax.disruptor.collections" tests="18" time="0.019" timestamp="2011-07-04T10:41:00">
      <properties>
[...]
</properties>

      <testcase classname="com.lmax.disruptor.collections.HistogramTest" name="shouldSizeBasedOnBucketConfiguration" time="0.0030" />

      <testcase classname="com.lmax.disruptor.collections.HistogramTest" name="shouldWalkIntervals" time="0.0" />

      <testcase classname="com.lmax.disruptor.collections.HistogramTest" name="shouldConfirmIntervalsAreInitialised" time="0.0" />

      <testcase classname="com.lmax.disruptor.collections.HistogramTest" name="shouldThrowExceptionWhenIntervalLessThanOrEqualToZero" time="0.0" />

      <testcase classname="com.lmax.disruptor.collections.HistogramTest" name="shouldThrowExceptionWhenIntervalDoNotIncrease" time="0.0010" />

      <testcase classname="com.lmax.disruptor.collections.HistogramTest" name="shouldAddObservation" time="0.0" />

      <testcase classname="com.lmax.disruptor.collections.HistogramTest" name="shouldNotAddObservation" time="0.0" />

      <testcase classname="com.lmax.disruptor.collections.HistogramTest" name="shouldAddObservations" time="0.0" />

      <testcase classname="com.lmax.disruptor.collections.HistogramTest" name="shouldThrowExceptionWhenIntervalsDoNotMatch" time="0.0" />

      <testcase classname="com.lmax.disruptor.collections.HistogramTest" name="shouldClearCounts" time="0.0" />

      <testcase classname="com.lmax.disruptor.collections.HistogramTest" name="shouldCountTotalObservations" time="0.0" />

      <testcase classname="com.lmax.disruptor.collections.HistogramTest" name="shouldGetMeanObservation" time="0.0010" />

      <testcase classname="com.lmax.disruptor.collections.HistogramTest" name="shouldCorrectMeanForSkewInTopAndBottomPopulatedIntervals" time="0.0" />

      <testcase classname="com.lmax.disruptor.collections.HistogramTest" name="shouldGetMaxObservation" time="0.0" />

      <testcase classname="com.lmax.disruptor.collections.HistogramTest" name="shouldGetMinObservation" time="0.0" />

      <testcase classname="com.lmax.disruptor.collections.HistogramTest" name="shouldGetTwoNinesUpperBound" time="0.0010" />

      <testcase classname="com.lmax.disruptor.collections.HistogramTest" name="shouldGetFourNinesUpperBound" time="0.0" />

      <testcase classname="com.lmax.disruptor.collections.HistogramTest" name="shouldToString" time="0.0" />

      <system-out />

      <system-err />

  </testsuite>
</testsuites>
