<?xml version="1.0" encoding="UTF-8" ?>
<testsuite errors="0" failures="0" hostname="byah" name="com.lmax.disruptor.Pipeline3StepLatencyPerfTest" tests="1" time="534.964" timestamp="2011-07-06T14:09:08">
  <properties>
[...]
</properties>
  <testcase classname="com.lmax.disruptor.Pipeline3StepLatencyPerfTest" name="shouldCompareDisruptorVsQueues" time="534.956" />
  <system-out><![CDATA[Pipeline3StepLatencyPerfTest run 0 Disruptor Histogram{min=84, max=8286818, mean=2804.35, 99%=256, 99.99%=8388608, [2=0, 4=0, 8=0, 16=0, 32=0, 64=0, 128=10341393, 256=39265164, 512=136085, 1024=125203, 2048=18045, 4096=16157, 8192=9578, 16384=8996, 32768=6923, 65536=6506, 131072=8136, 262144=15565, 524288=13490, 1048576=4954, 2097152=2959, 4194304=5528, 8388608=15318, 16777216=0, 33554432=0, 67108864=0, 134217728=0, 268435456=0, 536870912=0, 1073741824=0, 9223372036854775807=0]}
2	0
4	0
8	0
16	0
32	0
64	0
128	10341393
256	39265164
512	136085
1024	125203
2048	18045
4096	16157
8192	9578
16384	8996
32768	6923
65536	6506
131072	8136
262144	15565
524288	13490
1048576	4954
2097152	2959
4194304	5528
8388608	15318
16777216	0
33554432	0
67108864	0
134217728	0
268435456	0
536870912	0
1073741824	0
9223372036854775807	0
Pipeline3StepLatencyPerfTest run 0 Queues Histogram{min=624, max=54792686, mean=12444722.33, 99%=67108864, 99.99%=67108864, [2=0, 4=0, 8=0, 16=0, 32=0, 64=0, 128=0, 256=0, 512=0, 1024=704, 2048=1375877, 4096=7622848, 8192=16935789, 16384=6057706, 32768=126952, 65536=32461, 131072=49551, 262144=85665, 524288=106585, 1048576=111190, 2097152=129372, 4194304=153754, 8388608=94890, 16777216=191845, 33554432=6810435, 67108864=10114376, 134217728=0, 268435456=0, 536870912=0, 1073741824=0, 9223372036854775807=0]}
2	0
4	0
8	0
16	0
32	0
64	0
128	0
256	0
512	0
1024	704
2048	1375877
4096	7622848
8192	16935789
16384	6057706
32768	126952
65536	32461
131072	49551
262144	85665
524288	106585
1048576	111190
2097152	129372
4194304	153754
8388608	94890
16777216	191845
33554432	6810435
67108864	10114376
134217728	0
268435456	0
536870912	0
1073741824	0
9223372036854775807	0
Pipeline3StepLatencyPerfTest run 1 Disruptor Histogram{min=62, max=3022311, mean=592.32, 99%=512, 99.99%=2097152, [2=0, 4=0, 8=0, 16=0, 32=0, 64=11, 128=3559793, 256=44501395, 512=1618291, 1024=218180, 2048=20642, 4096=15902, 8192=10502, 16384=6256, 32768=5891, 65536=6523, 131072=7149, 262144=13762, 524288=8303, 1048576=1954, 2097152=2935, 4194304=2511, 8388608=0, 16777216=0, 33554432=0, 67108864=0, 134217728=0, 268435456=0, 536870912=0, 1073741824=0, 9223372036854775807=0]}
2	0
4	0
8	0
16	0
32	0
64	11
128	3559793
256	44501395
512	1618291
1024	218180
2048	20642
4096	15902
8192	10502
16384	6256
32768	5891
65536	6523
131072	7149
262144	13762
524288	8303
1048576	1954
2097152	2935
4194304	2511
8388608	0
16777216	0
33554432	0
67108864	0
134217728	0
268435456	0
536870912	0
1073741824	0
9223372036854775807	0
Pipeline3StepLatencyPerfTest run 1 Queues Histogram{min=633, max=50547176, mean=4683752.57, 99%=67108864, 99.99%=67108864, [2=0, 4=0, 8=0, 16=0, 32=0, 64=0, 128=0, 256=0, 512=0, 1024=645, 2048=2371675, 4096=9875705, 8192=22589818, 16384=8311271, 32768=118235, 65536=45743, 131072=75701, 262144=153119, 524288=218023, 1048576=217854, 2097152=180932, 4194304=153815, 8388608=34402, 16777216=67959, 33554432=182713, 67108864=5402390, 134217728=0, 268435456=0, 536870912=0, 1073741824=0, 9223372036854775807=0]}
2	0
4	0
8	0
16	0
32	0
64	0
128	0
256	0
512	0
1024	645
2048	2371675
4096	9875705
8192	22589818
16384	8311271
32768	118235
65536	45743
131072	75701
262144	153119
524288	218023
1048576	217854
2097152	180932
4194304	153815
8388608	34402
16777216	67959
33554432	182713
67108864	5402390
134217728	0
268435456	0
536870912	0
1073741824	0
9223372036854775807	0
Pipeline3StepLatencyPerfTest run 2 Disruptor Histogram{min=62, max=3448581, mean=673.57, 99%=512, 99.99%=2097152, [2=0, 4=0, 8=0, 16=0, 32=0, 64=23, 128=1194491, 256=48291258, 512=215625, 1024=191218, 2048=20220, 4096=22512, 8192=14551, 16384=6272, 32768=5577, 65536=4796, 131072=4510, 262144=11093, 524288=7585, 1048576=3264, 2097152=3479, 4194304=3526, 8388608=0, 16777216=0, 33554432=0, 67108864=0, 134217728=0, 268435456=0, 536870912=0, 1073741824=0, 9223372036854775807=0]}
2	0
4	0
8	0
16	0
32	0
64	23
128	1194491
256	48291258
512	215625
1024	191218
2048	20220
4096	22512
8192	14551
16384	6272
32768	5577
65536	4796
131072	4510
262144	11093
524288	7585
1048576	3264
2097152	3479
4194304	3526
8388608	0
16777216	0
33554432	0
67108864	0
134217728	0
268435456	0
536870912	0
1073741824	0
9223372036854775807	0
Pipeline3StepLatencyPerfTest run 2 Queues Histogram{min=647, max=19949999, mean=29829.95, 99%=262144, 99.99%=33554432, [2=0, 4=0, 8=0, 16=0, 32=0, 64=0, 128=0, 256=0, 512=0, 1024=335, 2048=1766993, 4096=11744109, 8192=25999299, 16384=9543728, 32768=281928, 65536=32930, 131072=45807, 262144=92494, 524288=108886, 1048576=97949, 2097152=101863, 4194304=140598, 8388608=23916, 16777216=13890, 33554432=5275, 67108864=0, 134217728=0, 268435456=0, 536870912=0, 1073741824=0, 9223372036854775807=0]}
2	0
4	0
8	0
16	0
32	0
64	0
128	0
256	0
512	0
1024	335
2048	1766993
4096	11744109
8192	25999299
16384	9543728
32768	281928
65536	32930
131072	45807
262144	92494
524288	108886
1048576	97949
2097152	101863
4194304	140598
8388608	23916
16777216	13890
33554432	5275
67108864	0
134217728	0
268435456	0
536870912	0
1073741824	0
9223372036854775807	0
]]></system-out>
  <system-err><![CDATA[]]></system-err>
</testsuite>
